<?xml version="1.0" encoding="UTF-8"?>
<!-- Generated by org.testng.reporters.JUnitReportReporter -->
<testsuite hostname="ASCINLAP61416" failures="0" tests="4" name="Pack1.TC009" time="0.013" errors="0" timestamp="2025-10-15T14:35:07 IST" skipped="0">
  <testcase classname="Pack1.TC009" name="zohotest" time="0.010"/>
  <testcase classname="Pack1.TC009" name="amazontest" time="0.002"/>
  <testcase classname="Pack1.TC009" name="yahootest" time="0.000"/>
  <testcase classname="Pack1.TC009" name="aaaa" time="0.001"/>
</testsuite> <!-- Pack1.TC009 -->
