<?xml version="1.0" encoding="UTF-8"?>
<!-- Generated by org.testng.reporters.JUnitReportReporter -->
<testsuite hostname="ASCINLAP61416" failures="0" tests="8" name="com.snapdeal.tests.loginsnapdeal" time="80.898" errors="0" timestamp="2025-10-27T15:25:37 IST" skipped="0">
  <testcase classname="com.snapdeal.tests.loginsnapdeal" name="loginSnapdeal" time="32.522"/>
  <testcase classname="com.snapdeal.tests.loginsnapdeal" name="openHomePage" time="12.609"/>
  <testcase classname="com.snapdeal.tests.loginsnapdeal" name="searchProduct" time="7.169"/>
  <testcase classname="com.snapdeal.tests.loginsnapdeal" name="sortProducts" time="0.705"/>
  <testcase classname="com.snapdeal.tests.loginsnapdeal" name="selectFirstProduct" time="20.866"/>
  <testcase classname="com.snapdeal.tests.loginsnapdeal" name="addToCart" time="5.610"/>
  <testcase classname="com.snapdeal.tests.loginsnapdeal" name="viewCart" time="0.519"/>
  <testcase classname="com.snapdeal.tests.loginsnapdeal" name="verifyCartPage" time="0.898"/>
</testsuite> <!-- com.snapdeal.tests.loginsnapdeal -->
