<?xml version="1.0" encoding="UTF-8"?>
<!-- Generated by org.testng.reporters.JUnitReportReporter -->
<testsuite hostname="ASCENDI-BQ55QUN" failures="0" tests="1" name="app_test.Appium_Snapdeal_Login" time="28.812" errors="0" timestamp="2025-10-31T21:44:05 IST" skipped="0">
  <testcase classname="app_test.Appium_Snapdeal_Login" name="skipForNowTest" time="28.812"/>
</testsuite> <!-- app_test.Appium_Snapdeal_Login -->
