<?xml version="1.0" encoding="UTF-8"?>
<!-- Generated by org.testng.reporters.JUnitReportReporter -->
<testsuite hostname="ASCINLAP61416" failures="0" tests="8" name="com.snapdeal.tests.LoginSnapdeal" time="65.177" errors="0" timestamp="2025-10-28T15:48:25 IST" skipped="0">
  <testcase classname="com.snapdeal.tests.LoginSnapdeal" name="loginSnapdeal" time="50.773"/>
  <testcase classname="com.snapdeal.tests.LoginSnapdeal" name="openHomePage" time="2.607"/>
  <testcase classname="com.snapdeal.tests.LoginSnapdeal" name="searchProduct" time="3.417"/>
  <testcase classname="com.snapdeal.tests.LoginSnapdeal" name="sortProducts" time="0.591"/>
  <testcase classname="com.snapdeal.tests.LoginSnapdeal" name="selectFirstProduct" time="3.176"/>
  <testcase classname="com.snapdeal.tests.LoginSnapdeal" name="addToCart" time="3.259"/>
  <testcase classname="com.snapdeal.tests.LoginSnapdeal" name="viewCart" time="0.462"/>
  <testcase classname="com.snapdeal.tests.LoginSnapdeal" name="verifyCartPage" time="0.892"/>
</testsuite> <!-- com.snapdeal.tests.LoginSnapdeal -->
